app/build/outputs/logs/manifest-merger-debug-report.txt
-- Merging decision tree log ---
provider#android.support.v4.content.FileProvider
INJECTED from src\main\AndroidManifest.xml:53:9-61:20
	android:grantUriPermissions
		ADDED from src\main\AndroidManifest.xml:57:13-47
	android:authorities
		INJECTED from src\main\AndroidManifest.xml
		ADDED from src\main\AndroidManifest.xml:54:13-60
	android:exported
		ADDED from src\main\AndroidManifest.xml:56:13-37
	android:name
		ADDED from src\main\AndroidManifest.xml:55:13-67
manifest
ADDED from src\main\AndroidManifest.xml:2:1-202:12
INJECTED from src\main\AndroidManifest.xml:2:1-202:12
INJECTED from src\main\AndroidManifest.xml:2:1-202:12
INJECTED from src\main\AndroidManifest.xml:2:1-202:12
MERGED from [:zxing] AndroidManifest.xml:17:1-189:12
MERGED from [:library] AndroidManifest.xml:2:1-17:12
MERGED from [com.android.support:appcompat-v7:26.1.0] AndroidManifest.xml:17:1-31:12
MERGED from [com.android.support.constraint:constraint-layout:1.0.2] AndroidManifest.xml:2:1-11:12
MERGED from [com.android.support:animated-vector-drawable:26.1.0] AndroidManifest.xml:17:1-28:12
MERGED from [com.android.support:support-vector-drawable:26.1.0] AndroidManifest.xml:17:1-28:12
MERGED from [com.android.support:support-v4:26.1.0] AndroidManifest.xml:17:1-31:12
MERGED from [com.android.support:support-media-compat:26.1.0] AndroidManifest.xml:17:1-31:12
MERGED from [com.android.support:support-fragment:26.1.0] AndroidManifest.xml:17:1-31:12
MERGED from [com.android.support:support-core-utils:26.1.0] AndroidManifest.xml:17:1-31:12
MERGED from [com.android.support:support-core-ui:26.1.0] AndroidManifest.xml:17:1-31:12
MERGED from [com.android.support:support-compat:26.1.0] AndroidManifest.xml:17:1-31:12
MERGED from [android.arch.lifecycle:runtime:1.0.0] AndroidManifest.xml:17:1-30:12
INJECTED from src\main\AndroidManifest.xml:2:1-202:12
INJECTED from src\main\AndroidManifest.xml:2:1-202:12
INJECTED from src\main\AndroidManifest.xml:2:1-202:12
	package
		ADDED from src\main\AndroidManifest.xml:4:5-37
		INJECTED from src\main\AndroidManifest.xml
		INJECTED from src\main\AndroidManifest.xml
	android:versionName
		INJECTED from src\main\AndroidManifest.xml
		ADDED from src\main\AndroidManifest.xml:2:1-202:12
		INJECTED from src\main\AndroidManifest.xml
	xmlns:tools
		ADDED from src\main\AndroidManifest.xml:3:5-51
	android:versionCode
		INJECTED from src\main\AndroidManifest.xml
		ADDED from src\main\AndroidManifest.xml:2:1-202:12
		INJECTED from src\main\AndroidManifest.xml
	xmlns:android
		ADDED from src\main\AndroidManifest.xml:2:11-69
uses-permission#android.permission.MOUNT_UNMOUNT_FILESYSTEMS
ADDED from src\main\AndroidManifest.xml:6:5-84
	android:name
		ADDED from src\main\AndroidManifest.xml:6:22-81
uses-permission#android.permission.CAMERA
ADDED from src\main\AndroidManifest.xml:7:5-65
MERGED from [:zxing] AndroidManifest.xml:24:5-65
MERGED from [:zxing] AndroidManifest.xml:24:5-65
	android:name
		ADDED from src\main\AndroidManifest.xml:7:22-62
uses-permission#android.permission.VIBRATE
ADDED from src\main\AndroidManifest.xml:8:5-66
MERGED from [:zxing] AndroidManifest.xml:26:5-66
MERGED from [:zxing] AndroidManifest.xml:26:5-66
	android:name
		ADDED from src\main\AndroidManifest.xml:8:22-63
uses-permission#android.permission.BLUETOOTH_ADMIN
ADDED from src\main\AndroidManifest.xml:9:5-73
	android:name
		ADDED from src\main\AndroidManifest.xml:9:22-71
uses-permission#android.permission.READ_EXTERNAL_STORAGE
ADDED from src\main\AndroidManifest.xml:11:5-79
	android:name
		ADDED from src\main\AndroidManifest.xml:11:22-77
uses-permission#android.permission.WRITE_INTERNAL_STORAGE
ADDED from src\main\AndroidManifest.xml:12:5-80
	android:name
		ADDED from src\main\AndroidManifest.xml:12:22-78
uses-permission#android.permission.ACCESS_COARSE_LOCATION
ADDED from src\main\AndroidManifest.xml:15:5-81
	android:name
		ADDED from src\main\AndroidManifest.xml:15:22-78
uses-permission#android.permission.ACCESS_FINE_LOCATION
ADDED from src\main\AndroidManifest.xml:16:5-79
	android:name
		ADDED from src\main\AndroidManifest.xml:16:22-76
uses-permission#android.permission.CHANGE_WIFI_STATE
ADDED from src\main\AndroidManifest.xml:17:5-76
MERGED from [:zxing] AndroidManifest.xml:32:5-76
MERGED from [:zxing] AndroidManifest.xml:32:5-76
	android:name
		ADDED from src\main\AndroidManifest.xml:17:22-73
uses-permission#android.permission.CHANGE_NETWORK_STATE
ADDED from src\main\AndroidManifest.xml:19:5-79
	android:name
		ADDED from src\main\AndroidManifest.xml:19:22-76
uses-permission#android.permission.INTERNET
ADDED from src\main\AndroidManifest.xml:22:5-67
MERGED from [:zxing] AndroidManifest.xml:25:5-67
MERGED from [:zxing] AndroidManifest.xml:25:5-67
	android:name
		ADDED from src\main\AndroidManifest.xml:22:22-64
uses-permission#android.permission.READ_PHONE_STATE
ADDED from src\main\AndroidManifest.xml:23:5-75
	android:name
		ADDED from src\main\AndroidManifest.xml:23:22-72
uses-permission#android.permission.ACCESS_WIFI_STATE
ADDED from src\main\AndroidManifest.xml:24:5-76
MERGED from [:zxing] AndroidManifest.xml:33:5-76
MERGED from [:zxing] AndroidManifest.xml:33:5-76
	android:name
		ADDED from src\main\AndroidManifest.xml:24:22-73
uses-permission#android.permission.ACCESS_NETWORK_STATE
ADDED from src\main\AndroidManifest.xml:25:5-79
	android:name
		ADDED from src\main\AndroidManifest.xml:25:22-76
uses-permission#android.permission.WAKE_LOCK
ADDED from src\main\AndroidManifest.xml:26:5-68
	android:name
		ADDED from src\main\AndroidManifest.xml:26:22-65
uses-permission#android.permission.RECEIVE_USER_PRESENT
ADDED from src\main\AndroidManifest.xml:29:5-79
	android:name
		ADDED from src\main\AndroidManifest.xml:29:22-76
uses-permission#android.permission.RECEIVE_BOOT_COMPLETED
ADDED from src\main\AndroidManifest.xml:30:5-81
	android:name
		ADDED from src\main\AndroidManifest.xml:30:22-78
uses-permission#android.permission.WRITE_EXTERNAL_STORAGE
ADDED from src\main\AndroidManifest.xml:33:5-81
MERGED from [:zxing] AndroidManifest.xml:31:5-81
MERGED from [:zxing] AndroidManifest.xml:31:5-81
	android:name
		ADDED from src\main\AndroidManifest.xml:33:22-78
uses-permission#android.permission.WRITE_SETTINGS
ADDED from src\main\AndroidManifest.xml:34:5-73
	android:name
		ADDED from src\main\AndroidManifest.xml:34:22-70
uses-permission#android.permission.RESTART_PACKAGES
ADDED from src\main\AndroidManifest.xml:35:5-75
	android:name
		ADDED from src\main\AndroidManifest.xml:35:22-72
uses-permission#android.permission.BROADCAST_STICKY
ADDED from src\main\AndroidManifest.xml:36:5-75
	android:name
		ADDED from src\main\AndroidManifest.xml:36:22-72
uses-permission#android.permission.KILL_BACKGROUND_PROCESSES
ADDED from src\main\AndroidManifest.xml:37:5-84
	android:name
		ADDED from src\main\AndroidManifest.xml:37:22-81
uses-permission#android.permission.GET_TASKS
ADDED from src\main\AndroidManifest.xml:38:5-68
	android:name
		ADDED from src\main\AndroidManifest.xml:38:22-65
uses-permission#android.permission.READ_LOGS
ADDED from src\main\AndroidManifest.xml:39:5-68
	android:name
		ADDED from src\main\AndroidManifest.xml:39:22-65
uses-permission#android.permission.BLUETOOTH
ADDED from src\main\AndroidManifest.xml:40:5-68
	android:name
		ADDED from src\main\AndroidManifest.xml:40:22-65
uses-permission#android.permission.BATTERY_STATS
ADDED from src\main\AndroidManifest.xml:41:5-72
	android:name
		ADDED from src\main\AndroidManifest.xml:41:22-69
application
ADDED from src\main\AndroidManifest.xml:43:5-200:19
MERGED from [:zxing] AndroidManifest.xml:47:5-187:19
MERGED from [:zxing] AndroidManifest.xml:47:5-187:19
MERGED from [:library] AndroidManifest.xml:11:5-15:19
MERGED from [:library] AndroidManifest.xml:11:5-15:19
MERGED from [com.android.support:appcompat-v7:26.1.0] AndroidManifest.xml:25:5-29:19
MERGED from [com.android.support:appcompat-v7:26.1.0] AndroidManifest.xml:25:5-29:19
MERGED from [com.android.support.constraint:constraint-layout:1.0.2] AndroidManifest.xml:9:5-20
MERGED from [com.android.support.constraint:constraint-layout:1.0.2] AndroidManifest.xml:9:5-20
MERGED from [com.android.support:animated-vector-drawable:26.1.0] AndroidManifest.xml:22:5-26:19
MERGED from [com.android.support:animated-vector-drawable:26.1.0] AndroidManifest.xml:22:5-26:19
MERGED from [com.android.support:support-vector-drawable:26.1.0] AndroidManifest.xml:22:5-26:19
MERGED from [com.android.support:support-vector-drawable:26.1.0] AndroidManifest.xml:22:5-26:19
MERGED from [com.android.support:support-v4:26.1.0] AndroidManifest.xml:25:5-29:19
MERGED from [com.android.support:support-v4:26.1.0] AndroidManifest.xml:25:5-29:19
MERGED from [com.android.support:support-media-compat:26.1.0] AndroidManifest.xml:25:5-29:19
MERGED from [com.android.support:support-media-compat:26.1.0] AndroidManifest.xml:25:5-29:19
MERGED from [com.android.support:support-fragment:26.1.0] AndroidManifest.xml:25:5-29:19
MERGED from [com.android.support:support-fragment:26.1.0] AndroidManifest.xml:25:5-29:19
MERGED from [com.android.support:support-core-utils:26.1.0] AndroidManifest.xml:25:5-29:19
MERGED from [com.android.support:support-core-utils:26.1.0] AndroidManifest.xml:25:5-29:19
MERGED from [com.android.support:support-core-ui:26.1.0] AndroidManifest.xml:25:5-29:19
MERGED from [com.android.support:support-core-ui:26.1.0] AndroidManifest.xml:25:5-29:19
MERGED from [com.android.support:support-compat:26.1.0] AndroidManifest.xml:25:5-29:19
MERGED from [com.android.support:support-compat:26.1.0] AndroidManifest.xml:25:5-29:19
MERGED from [android.arch.lifecycle:runtime:1.0.0] AndroidManifest.xml:24:5-28:19
MERGED from [android.arch.lifecycle:runtime:1.0.0] AndroidManifest.xml:24:5-28:19
	android:supportsRtl
		ADDED from src\main\AndroidManifest.xml:50:9-35
	android:label
		ADDED from src\main\AndroidManifest.xml:48:9-42
		REJECTED from [:zxing] AndroidManifest.xml:50:9-41
		REJECTED from [:library] AndroidManifest.xml:13:9-41
	android:roundIcon
		ADDED from src\main\AndroidManifest.xml:49:9-54
	android:icon
		ADDED from src\main\AndroidManifest.xml:47:9-41
		REJECTED from [:zxing] AndroidManifest.xml:49:9-47
	android:allowBackup
		ADDED from src\main\AndroidManifest.xml:46:9-35
	android:theme
		ADDED from src\main\AndroidManifest.xml:51:9-51
	android:logo
		ADDED from [:zxing] AndroidManifest.xml:51:9-47
	tools:replace
		ADDED from src\main\AndroidManifest.xml:44:9-51
	android:name
		ADDED from src\main\AndroidManifest.xml:45:9-76
activity#com.lierda.kesi.ihouse.activity.MainActivity
ADDED from src\main\AndroidManifest.xml:63:9-70:20
	android:screenOrientation
		ADDED from src\main\AndroidManifest.xml:64:13-49
	android:configChanges
		ADDED from src\main\AndroidManifest.xml:65:13-48
	android:name
		ADDED from src\main\AndroidManifest.xml:63:19-56
intent-filter#android.intent.action.MAIN+android.intent.category.LAUNCHER
ADDED from src\main\AndroidManifest.xml:66:13-69:29
action#android.intent.action.MAIN
ADDED from src\main\AndroidManifest.xml:67:17-69
	android:name
		ADDED from src\main\AndroidManifest.xml:67:25-66
category#android.intent.category.LAUNCHER
ADDED from src\main\AndroidManifest.xml:68:17-77
	android:name
		ADDED from src\main\AndroidManifest.xml:68:27-74
activity#com.lierda.kesi.ihouse.activity.DevicelistActivity
ADDED from src\main\AndroidManifest.xml:71:9-73:20
	android:screenOrientation
		ADDED from src\main\AndroidManifest.xml:72:13-49
	android:name
		ADDED from src\main\AndroidManifest.xml:71:19-62
activity#com.lierda.kesi.ihouse.activity.RecordListActivity
ADDED from src\main\AndroidManifest.xml:74:9-77:20
	android:screenOrientation
		ADDED from src\main\AndroidManifest.xml:76:13-49
	android:exported
		ADDED from src\main\AndroidManifest.xml:75:13-37
	android:name
		ADDED from src\main\AndroidManifest.xml:74:19-62
activity#com.lierda.kesi.ihouse.activity.DeviceAddActivity
ADDED from src\main\AndroidManifest.xml:78:9-81:20
	android:screenOrientation
		ADDED from src\main\AndroidManifest.xml:80:13-49
	android:exported
		ADDED from src\main\AndroidManifest.xml:79:13-37
	android:name
		ADDED from src\main\AndroidManifest.xml:78:19-61
activity#com.lierda.kesi.ihouse.activity.DeviceSetActivity
ADDED from src\main\AndroidManifest.xml:82:9-84:20
	android:screenOrientation
		ADDED from src\main\AndroidManifest.xml:83:13-49
	android:name
		ADDED from src\main\AndroidManifest.xml:82:19-61
activity#com.lierda.kesi.ihouse.activity.MediaPlayActivity
ADDED from src\main\AndroidManifest.xml:85:9-89:20
	android:screenOrientation
		ADDED from src\main\AndroidManifest.xml:88:13-49
	android:exported
		ADDED from src\main\AndroidManifest.xml:87:13-37
	android:configChanges
		ADDED from src\main\AndroidManifest.xml:86:13-74
	android:name
		ADDED from src\main\AndroidManifest.xml:85:19-61
activity#com.lierda.kesi.ihouse.activity.AlarmMessageActivity
ADDED from src\main\AndroidManifest.xml:90:9-93:20
	android:screenOrientation
		ADDED from src\main\AndroidManifest.xml:92:13-49
	android:exported
		ADDED from src\main\AndroidManifest.xml:91:13-37
	android:name
		ADDED from src\main\AndroidManifest.xml:90:19-64
meta-data#com.tencent.rdm.uuid
ADDED from src\main\AndroidManifest.xml:97:9-111
	android:value
		ADDED from src\main\AndroidManifest.xml:97:56-108
	android:name
		ADDED from src\main\AndroidManifest.xml:97:20-55
activity#com.tencent.android.tpush.XGPushActivity
ADDED from src\main\AndroidManifest.xml:99:9-107:20
	android:exported
		ADDED from src\main\AndroidManifest.xml:102:13-37
	android:theme
		ADDED from src\main\AndroidManifest.xml:101:13-61
	android:name
		ADDED from src\main\AndroidManifest.xml:100:13-68
intent-filter#android.intent.action
ADDED from src\main\AndroidManifest.xml:103:13-106:29
action#android.intent.action
ADDED from src\main\AndroidManifest.xml:105:17-64
	android:name
		ADDED from src\main\AndroidManifest.xml:105:25-61
receiver#com.tencent.android.tpush.XGPushReceiver
ADDED from src\main\AndroidManifest.xml:110:9-138:20
	android:process
		ADDED from src\main\AndroidManifest.xml:112:13-45
	android:name
		ADDED from src\main\AndroidManifest.xml:111:13-68
intent-filter#android.bluetooth.adapter.action.STATE_CHANGED+android.intent.action.ACTION_POWER_CONNECTED+android.intent.action.ACTION_POWER_DISCONNECTED+android.intent.action.USER_PRESENT+android.net.conn.CONNECTIVITY_CHANGE+com.tencent.android.tpush.action.INTERNAL_PUSH_MESSAGE+com.tencent.android.tpush.action.SDK
ADDED from src\main\AndroidManifest.xml:113:13-128:29
	android:priority
		ADDED from src\main\AndroidManifest.xml:113:28-57
action#com.tencent.android.tpush.action.SDK
ADDED from src\main\AndroidManifest.xml:116:17-79
	android:name
		ADDED from src\main\AndroidManifest.xml:116:25-76
action#com.tencent.android.tpush.action.INTERNAL_PUSH_MESSAGE
ADDED from src\main\AndroidManifest.xml:117:17-97
	android:name
		ADDED from src\main\AndroidManifest.xml:117:25-94
action#android.net.conn.CONNECTIVITY_CHANGE
ADDED from src\main\AndroidManifest.xml:119:17-79
	android:name
		ADDED from src\main\AndroidManifest.xml:119:25-76
action#android.intent.action.USER_PRESENT
ADDED from src\main\AndroidManifest.xml:122:17-77
	android:name
		ADDED from src\main\AndroidManifest.xml:122:25-74
action#android.bluetooth.adapter.action.STATE_CHANGED
ADDED from src\main\AndroidManifest.xml:125:17-89
	android:name
		ADDED from src\main\AndroidManifest.xml:125:25-86
action#android.intent.action.ACTION_POWER_CONNECTED
ADDED from src\main\AndroidManifest.xml:126:17-87
	android:name
		ADDED from src\main\AndroidManifest.xml:126:25-84
action#android.intent.action.ACTION_POWER_DISCONNECTED
ADDED from src\main\AndroidManifest.xml:127:17-90
	android:name
		ADDED from src\main\AndroidManifest.xml:127:25-87
intent-filter#android.intent.action.MEDIA_CHECKING+android.intent.action.MEDIA_EJECT+android.intent.action.MEDIA_REMOVED+android.intent.action.MEDIA_UNMOUNTED
ADDED from src\main\AndroidManifest.xml:130:13-137:29
	android:priority
		ADDED from src\main\AndroidManifest.xml:130:28-57
action#android.intent.action.MEDIA_UNMOUNTED
ADDED from src\main\AndroidManifest.xml:131:17-80
	android:name
		ADDED from src\main\AndroidManifest.xml:131:25-77
action#android.intent.action.MEDIA_REMOVED
ADDED from src\main\AndroidManifest.xml:132:17-78
	android:name
		ADDED from src\main\AndroidManifest.xml:132:25-75
action#android.intent.action.MEDIA_CHECKING
ADDED from src\main\AndroidManifest.xml:133:17-79
	android:name
		ADDED from src\main\AndroidManifest.xml:133:25-76
action#android.intent.action.MEDIA_EJECT
ADDED from src\main\AndroidManifest.xml:134:17-76
	android:name
		ADDED from src\main\AndroidManifest.xml:134:25-73
data
ADDED from src\main\AndroidManifest.xml:136:17-47
	android:scheme
		ADDED from src\main\AndroidManifest.xml:136:23-44
service#com.tencent.android.tpush.service.XGPushServiceV3
ADDED from src\main\AndroidManifest.xml:140:9-144:48
	android:process
		ADDED from src\main\AndroidManifest.xml:144:13-45
	android:exported
		ADDED from src\main\AndroidManifest.xml:142:13-36
	android:persistent
		ADDED from src\main\AndroidManifest.xml:143:13-38
	android:name
		ADDED from src\main\AndroidManifest.xml:141:13-77
service#com.tencent.android.tpush.service.XGDaemonService
ADDED from src\main\AndroidManifest.xml:147:9-149:48
	android:process
		ADDED from src\main\AndroidManifest.xml:149:13-45
	android:name
		ADDED from src\main\AndroidManifest.xml:148:13-77
receiver#com.lierda.kesi.ihouse.receiver.MessageReceiver
ADDED from src\main\AndroidManifest.xml:151:9-159:20
	android:exported
		ADDED from src\main\AndroidManifest.xml:152:13-36
	android:name
		ADDED from src\main\AndroidManifest.xml:151:19-81
intent-filter#com.tencent.android.tpush.action.FEEDBACK+com.tencent.android.tpush.action.PUSH_MESSAGE
ADDED from src\main\AndroidManifest.xml:153:13-158:29
action#com.tencent.android.tpush.action.PUSH_MESSAGE
ADDED from src\main\AndroidManifest.xml:155:17-88
	android:name
		ADDED from src\main\AndroidManifest.xml:155:25-85
action#com.tencent.android.tpush.action.FEEDBACK
ADDED from src\main\AndroidManifest.xml:157:17-84
	android:name
		ADDED from src\main\AndroidManifest.xml:157:25-81
service#com.tencent.android.tpush.rpc.XGRemoteService
ADDED from src\main\AndroidManifest.xml:162:9-169:19
	android:exported
		ADDED from src\main\AndroidManifest.xml:164:13-36
	android:name
		ADDED from src\main\AndroidManifest.xml:163:13-73
intent-filter#com.lierda.kesi.ihouse.PUSH_ACTION
ADDED from src\main\AndroidManifest.xml:165:13-168:29
action#com.lierda.kesi.ihouse.PUSH_ACTION
ADDED from src\main\AndroidManifest.xml:167:17-77
	android:name
		ADDED from src\main\AndroidManifest.xml:167:25-74
provider#com.tencent.android.tpush.XGPushProvider
ADDED from src\main\AndroidManifest.xml:172:9-176:15
	android:authorities
		ADDED from src\main\AndroidManifest.xml:174:13-69
	android:exported
		ADDED from src\main\AndroidManifest.xml:175:13-36
	android:name
		ADDED from src\main\AndroidManifest.xml:173:13-68
provider#com.tencent.android.tpush.SettingsContentProvider
ADDED from src\main\AndroidManifest.xml:179:9-182:40
	android:authorities
		ADDED from src\main\AndroidManifest.xml:181:13-72
	android:exported
		ADDED from src\main\AndroidManifest.xml:182:13-37
	android:name
		ADDED from src\main\AndroidManifest.xml:180:13-77
provider#com.tencent.mid.api.MidProvider
ADDED from src\main\AndroidManifest.xml:185:9-189:20
	android:authorities
		ADDED from src\main\AndroidManifest.xml:187:13-72
	android:exported
		ADDED from src\main\AndroidManifest.xml:188:13-36
	android:name
		ADDED from src\main\AndroidManifest.xml:186:13-59
meta-data#XG_V2_ACCESS_ID
ADDED from src\main\AndroidManifest.xml:193:9-195:42
	android:value
		ADDED from src\main\AndroidManifest.xml:195:13-39
	android:name
		ADDED from src\main\AndroidManifest.xml:194:13-43
meta-data#XG_V2_ACCESS_KEY
ADDED from src\main\AndroidManifest.xml:197:9-199:44
	android:value
		ADDED from src\main\AndroidManifest.xml:199:13-41
	android:name
		ADDED from src\main\AndroidManifest.xml:198:13-44
uses-sdk
INJECTED from src\main\AndroidManifest.xml reason: use-sdk injection requested
INJECTED from src\main\AndroidManifest.xml
INJECTED from src\main\AndroidManifest.xml
MERGED from [:zxing] AndroidManifest.xml:20:5-22:41
MERGED from [:zxing] AndroidManifest.xml:20:5-22:41
MERGED from [:library] AndroidManifest.xml:7:5-9:41
MERGED from [:library] AndroidManifest.xml:7:5-9:41
MERGED from [com.android.support:appcompat-v7:26.1.0] AndroidManifest.xml:21:5-23:78
MERGED from [com.android.support:appcompat-v7:26.1.0] AndroidManifest.xml:21:5-23:78
MERGED from [com.android.support.constraint:constraint-layout:1.0.2] AndroidManifest.xml:5:5-7:41
MERGED from [com.android.support.constraint:constraint-layout:1.0.2] AndroidManifest.xml:5:5-7:41
MERGED from [com.android.support:animated-vector-drawable:26.1.0] AndroidManifest.xml:20:5-44
MERGED from [com.android.support:animated-vector-drawable:26.1.0] AndroidManifest.xml:20:5-44
MERGED from [com.android.support:support-vector-drawable:26.1.0] AndroidManifest.xml:20:5-44
MERGED from [com.android.support:support-vector-drawable:26.1.0] AndroidManifest.xml:20:5-44
MERGED from [com.android.support:support-v4:26.1.0] AndroidManifest.xml:21:5-23:54
MERGED from [com.android.support:support-v4:26.1.0] AndroidManifest.xml:21:5-23:54
MERGED from [com.android.support:support-media-compat:26.1.0] AndroidManifest.xml:21:5-23:63
MERGED from [com.android.support:support-media-compat:26.1.0] AndroidManifest.xml:21:5-23:63
MERGED from [com.android.support:support-fragment:26.1.0] AndroidManifest.xml:21:5-23:60
MERGED from [com.android.support:support-fragment:26.1.0] AndroidManifest.xml:21:5-23:60
MERGED from [com.android.support:support-core-utils:26.1.0] AndroidManifest.xml:21:5-23:61
MERGED from [com.android.support:support-core-utils:26.1.0] AndroidManifest.xml:21:5-23:61
MERGED from [com.android.support:support-core-ui:26.1.0] AndroidManifest.xml:21:5-23:58
MERGED from [com.android.support:support-core-ui:26.1.0] AndroidManifest.xml:21:5-23:58
MERGED from [com.android.support:support-compat:26.1.0] AndroidManifest.xml:21:5-23:58
MERGED from [com.android.support:support-compat:26.1.0] AndroidManifest.xml:21:5-23:58
MERGED from [android.arch.lifecycle:runtime:1.0.0] AndroidManifest.xml:20:5-22:41
MERGED from [android.arch.lifecycle:runtime:1.0.0] AndroidManifest.xml:20:5-22:41
INJECTED from src\main\AndroidManifest.xml
INJECTED from src\main\AndroidManifest.xml
	tools:overrideLibrary
		ADDED from [com.android.support:appcompat-v7:26.1.0] AndroidManifest.xml:23:9-75
	android:targetSdkVersion
		INJECTED from src\main\AndroidManifest.xml
		ADDED from src\main\AndroidManifest.xml
		INJECTED from src\main\AndroidManifest.xml
	android:minSdkVersion
		INJECTED from src\main\AndroidManifest.xml
		ADDED from src\main\AndroidManifest.xml
		INJECTED from src\main\AndroidManifest.xml
meta-data#android.support.FILE_PROVIDER_PATHS
ADDED from src\main\AndroidManifest.xml:58:13-60:57
	android:resource
		ADDED from src\main\AndroidManifest.xml:60:17-55
	android:name
		ADDED from src\main\AndroidManifest.xml:59:17-67
uses-permission#android.permission.FLASHLIGHT
ADDED from [:zxing] AndroidManifest.xml:27:5-69
	android:name
		ADDED from [:zxing] AndroidManifest.xml:27:22-66
uses-permission#android.permission.READ_CONTACTS
ADDED from [:zxing] AndroidManifest.xml:28:5-72
	android:name
		ADDED from [:zxing] AndroidManifest.xml:28:22-69
uses-permission#com.android.browser.permission.READ_HISTORY_BOOKMARKS
ADDED from [:zxing] AndroidManifest.xml:30:5-93
	android:name
		ADDED from [:zxing] AndroidManifest.xml:30:22-90
uses-feature#android.hardware.camera.any
ADDED from [:zxing] AndroidManifest.xml:35:5-64
	android:name
		ADDED from [:zxing] AndroidManifest.xml:35:19-61
uses-feature#android.hardware.camera.autofocus
ADDED from [:zxing] AndroidManifest.xml:36:5-38:36
	android:required
		ADDED from [:zxing] AndroidManifest.xml:38:9-33
	android:name
		ADDED from [:zxing] AndroidManifest.xml:37:9-57
uses-feature#android.hardware.camera.flash
ADDED from [:zxing] AndroidManifest.xml:39:5-41:36
	android:required
		ADDED from [:zxing] AndroidManifest.xml:41:9-33
	android:name
		ADDED from [:zxing] AndroidManifest.xml:40:9-53
uses-feature#android.hardware.screen.landscape
ADDED from [:zxing] AndroidManifest.xml:42:5-70
	android:name
		ADDED from [:zxing] AndroidManifest.xml:42:19-67
uses-feature#android.hardware.wifi
ADDED from [:zxing] AndroidManifest.xml:43:5-45:36
	android:required
		ADDED from [:zxing] AndroidManifest.xml:45:9-33
	android:name
		ADDED from [:zxing] AndroidManifest.xml:44:9-45
activity#com.google.zxing.client.android.CaptureActivity
ADDED from [:zxing] AndroidManifest.xml:52:9-119:20
	android:screenOrientation
		ADDED from [:zxing] AndroidManifest.xml:55:13-56
	android:clearTaskOnLaunch
		ADDED from [:zxing] AndroidManifest.xml:54:13-45
	android:stateNotNeeded
		ADDED from [:zxing] AndroidManifest.xml:56:13-42
	android:windowSoftInputMode
		ADDED from [:zxing] AndroidManifest.xml:58:13-60
	android:theme
		ADDED from [:zxing] AndroidManifest.xml:57:13-48
	android:name
		ADDED from [:zxing] AndroidManifest.xml:53:13-75
intent-filter#android.intent.category.DEFAULT+com.google.zxing.client.android.SCAN
ADDED from [:zxing] AndroidManifest.xml:66:13-70:29
action#com.google.zxing.client.android.SCAN
ADDED from [:zxing] AndroidManifest.xml:67:17-79
	android:name
		ADDED from [:zxing] AndroidManifest.xml:67:25-76
category#android.intent.category.DEFAULT
ADDED from [:zxing] AndroidManifest.xml:69:17-76
	android:name
		ADDED from [:zxing] AndroidManifest.xml:69:27-73
intent-filter#android.intent.action.VIEW+android.intent.category.BROWSABLE+android.intent.category.DEFAULT
ADDED from [:zxing] AndroidManifest.xml:72:13-82:29
action#android.intent.action.VIEW
ADDED from [:zxing] AndroidManifest.xml:73:17-69
	android:name
		ADDED from [:zxing] AndroidManifest.xml:73:25-66
category#android.intent.category.BROWSABLE
ADDED from [:zxing] AndroidManifest.xml:76:17-78
	android:name
		ADDED from [:zxing] AndroidManifest.xml:76:27-75
activity#com.google.zxing.client.android.PreferencesActivity
ADDED from [:zxing] AndroidManifest.xml:120:9-123:45
	android:stateNotNeeded
		ADDED from [:zxing] AndroidManifest.xml:123:13-42
	android:label
		ADDED from [:zxing] AndroidManifest.xml:122:13-53
	android:name
		ADDED from [:zxing] AndroidManifest.xml:121:13-79
activity#com.google.zxing.client.android.encode.EncodeActivity
ADDED from [:zxing] AndroidManifest.xml:124:9-148:20
	android:stateNotNeeded
		ADDED from [:zxing] AndroidManifest.xml:126:13-42
	android:name
		ADDED from [:zxing] AndroidManifest.xml:125:13-81
intent-filter#android.intent.category.DEFAULT+com.google.zxing.client.android.ENCODE
ADDED from [:zxing] AndroidManifest.xml:127:13-131:29
action#com.google.zxing.client.android.ENCODE
ADDED from [:zxing] AndroidManifest.xml:128:17-81
	android:name
		ADDED from [:zxing] AndroidManifest.xml:128:25-78
intent-filter#android.intent.action.SEND+android.intent.category.DEFAULT
ADDED from [:zxing] AndroidManifest.xml:133:13-139:29
action#android.intent.action.SEND
ADDED from [:zxing] AndroidManifest.xml:134:17-69
	android:name
		ADDED from [:zxing] AndroidManifest.xml:134:25-66
activity#com.google.zxing.client.android.book.SearchBookContentsActivity
ADDED from [:zxing] AndroidManifest.xml:149:9-159:20
	android:screenOrientation
		ADDED from [:zxing] AndroidManifest.xml:152:13-56
	android:stateNotNeeded
		ADDED from [:zxing] AndroidManifest.xml:153:13-42
	android:label
		ADDED from [:zxing] AndroidManifest.xml:151:13-45
	android:name
		ADDED from [:zxing] AndroidManifest.xml:150:13-91
intent-filter#android.intent.category.DEFAULT+com.google.zxing.client.android.SEARCH_BOOK_CONTENTS
ADDED from [:zxing] AndroidManifest.xml:154:13-158:29
action#com.google.zxing.client.android.SEARCH_BOOK_CONTENTS
ADDED from [:zxing] AndroidManifest.xml:155:17-95
	android:name
		ADDED from [:zxing] AndroidManifest.xml:155:25-92
activity#com.google.zxing.client.android.share.ShareActivity
ADDED from [:zxing] AndroidManifest.xml:160:9-169:20
	android:screenOrientation
		ADDED from [:zxing] AndroidManifest.xml:162:13-45
	android:stateNotNeeded
		ADDED from [:zxing] AndroidManifest.xml:163:13-42
	android:name
		ADDED from [:zxing] AndroidManifest.xml:161:13-79
intent-filter#android.intent.category.DEFAULT+com.google.zxing.client.android.SHARE
ADDED from [:zxing] AndroidManifest.xml:164:13-168:29
action#com.google.zxing.client.android.SHARE
ADDED from [:zxing] AndroidManifest.xml:165:17-80
	android:name
		ADDED from [:zxing] AndroidManifest.xml:165:25-77
activity#com.google.zxing.client.android.history.HistoryActivity
ADDED from [:zxing] AndroidManifest.xml:170:9-173:45
	android:stateNotNeeded
		ADDED from [:zxing] AndroidManifest.xml:173:13-42
	android:label
		ADDED from [:zxing] AndroidManifest.xml:172:13-50
	android:name
		ADDED from [:zxing] AndroidManifest.xml:171:13-83
activity#com.google.zxing.client.android.share.BookmarkPickerActivity
ADDED from [:zxing] AndroidManifest.xml:174:9-177:45
	android:stateNotNeeded
		ADDED from [:zxing] AndroidManifest.xml:177:13-42
	android:label
		ADDED from [:zxing] AndroidManifest.xml:176:13-57
	android:name
		ADDED from [:zxing] AndroidManifest.xml:175:13-88
activity#com.google.zxing.client.android.share.AppPickerActivity
ADDED from [:zxing] AndroidManifest.xml:178:9-181:45
	android:stateNotNeeded
		ADDED from [:zxing] AndroidManifest.xml:181:13-42
	android:label
		ADDED from [:zxing] AndroidManifest.xml:180:13-52
	android:name
		ADDED from [:zxing] AndroidManifest.xml:179:13-83
activity#com.google.zxing.client.android.HelpActivity
ADDED from [:zxing] AndroidManifest.xml:182:9-186:45
	android:screenOrientation
		ADDED from [:zxing] AndroidManifest.xml:185:13-45
	android:stateNotNeeded
		ADDED from [:zxing] AndroidManifest.xml:186:13-42
	android:label
		ADDED from [:zxing] AndroidManifest.xml:184:13-46
	android:name
		ADDED from [:zxing] AndroidManifest.xml:183:13-72
meta-data#android.support.VERSION